INFO:caehelper:sovrapposizione riuscita
INFO:caehelper:calcolato correttamente il dice ottenendo 0.2797046319087044
INFO:caehelper:calcolato correttamente il dice ottenendo 1.0
INFO:caehelper:calcolato correttamente il dice ottenendo 0.0
INFO:caehelper:ho aperto C:\Users\pensa\AppData\Local\Temp\tmpzptl4v4k\Pick.pickle
INFO:caehelper:ho caricato <_io.BufferedReader name='C:\\Users\\pensa\\AppData\\Local\\Temp\\tmpzptl4v4k\\Pick.pickle'>
INFO:caehelper:ho fatto un update a {'thispickle': 'thatpickle'}
INFO:caehelper:ho analizzato C:\Users\pensa\AppData\Local\Temp\tmpq2vlv2x9 cercando le immagini
INFO:caehelper:ho preso le immagini e le maschere da C:\Users\pensa\AppData\Local\Temp\tmpq2vlv2x9, ho trovato tutto e ho creato gli array delle immagini, maschere e classi
INFO:caehelper:ho analizzato C:\Users\pensa\AppData\Local\Temp\tmpq2vlv2x9 cercando le immagini
INFO:caehelper:ho analizzato C:\Mockakedirpath cercando le immagini
INFO:caehelper:ho analizzato C:\Users\pensa\AppData\Local\Temp\tmpq2vlv2x9 cercando le immagini
INFO:caehelper:ho analizzato C:\Users\pensa\AppData\Local\Temp\tmpy8n_r661 cercando le immagini
INFO:caehelper:ho analizzato C:\Users\pensa\AppData\Local\Temp\tmp_zty4_d6 cercando le maschere
INFO:caehelper:read C:\Users\pensa\AppData\Local\Temp\tmpq2vlv2x9\Only_Ones.png and changed extension from pgm to png
INFO:caehelper:ho scritto il file Only_Ones.png in C:\Users\pensa\AppData\Local\Temp\tmpzz33mry5 come .png 
INFO:caehelper:Ho letto Image1_benign_mass_mask.png in C:\Users\pensa\AppData\Local\Temp\tmpq2vlv2x9
INFO:functioncae.caehelper:sovrapposizione riuscita
INFO:functioncae.caehelper:calcolato correttamente il dice ottenendo 0.2797046319087044
INFO:functioncae.caehelper:calcolato correttamente il dice ottenendo 1.0
INFO:functioncae.caehelper:calcolato correttamente il dice ottenendo 0.0
INFO:functioncae.caehelper:ho aperto C:\Users\pensa\AppData\Local\Temp\tmp3d2_ex8h\Pick.pickle
INFO:functioncae.caehelper:ho caricato <_io.BufferedReader name='C:\\Users\\pensa\\AppData\\Local\\Temp\\tmp3d2_ex8h\\Pick.pickle'>
INFO:functioncae.caehelper:ho fatto un update a {'thispickle': 'thatpickle'}
INFO:functioncae.caehelper:ho analizzato C:\Users\pensa\AppData\Local\Temp\tmpu0wfd0qr cercando le immagini
INFO:functioncae.caehelper:ho preso le immagini e le maschere da C:\Users\pensa\AppData\Local\Temp\tmpu0wfd0qr, ho trovato tutto e ho creato gli array delle immagini, maschere e classi
INFO:functioncae.caehelper:ho analizzato C:\Users\pensa\AppData\Local\Temp\tmpu0wfd0qr cercando le immagini
INFO:functioncae.caehelper:ho analizzato C:\Mockakedirpath cercando le immagini
INFO:functioncae.caehelper:ho analizzato C:\Users\pensa\AppData\Local\Temp\tmpu0wfd0qr cercando le immagini
INFO:functioncae.caehelper:ho analizzato C:\Users\pensa\AppData\Local\Temp\tmpzbr1iymb cercando le immagini
INFO:functioncae.caehelper:ho analizzato C:\Users\pensa\AppData\Local\Temp\tmpqt6gd16l cercando le maschere
INFO:functioncae.caehelper:read C:\Users\pensa\AppData\Local\Temp\tmpu0wfd0qr\Only_Ones.png and changed extension from pgm to png
INFO:functioncae.caehelper:ho scritto il file Only_Ones.png in C:\Users\pensa\AppData\Local\Temp\tmpcr70ab1s come .png 
INFO:functioncae.caehelper:Ho letto Image1_benign_mass_mask.png in C:\Users\pensa\AppData\Local\Temp\tmpu0wfd0qr
INFO:functioncae.caehelper:sovrapposizione riuscita
INFO:functioncae.caehelper:calcolato correttamente il dice ottenendo 0.2797046319087044
INFO:functioncae.caehelper:calcolato correttamente il dice ottenendo 1.0
INFO:functioncae.caehelper:calcolato correttamente il dice ottenendo 0.0
INFO:functioncae.caehelper:ho aperto C:\Users\pensa\AppData\Local\Temp\tmpvmxhwl3w\Pick.pickle
INFO:functioncae.caehelper:ho caricato <_io.BufferedReader name='C:\\Users\\pensa\\AppData\\Local\\Temp\\tmpvmxhwl3w\\Pick.pickle'>
INFO:functioncae.caehelper:ho fatto un update a {'thispickle': 'thatpickle'}
INFO:functioncae.caehelper:ho analizzato C:\Users\pensa\AppData\Local\Temp\tmpxm3_iu7m cercando le immagini
INFO:functioncae.caehelper:ho preso le immagini e le maschere da C:\Users\pensa\AppData\Local\Temp\tmpxm3_iu7m, ho trovato tutto e ho creato gli array delle immagini, maschere e classi
INFO:functioncae.caehelper:ho analizzato C:\Users\pensa\AppData\Local\Temp\tmpxm3_iu7m cercando le immagini
INFO:functioncae.caehelper:ho analizzato C:\Mockakedirpath cercando le immagini
INFO:functioncae.caehelper:ho analizzato C:\Users\pensa\AppData\Local\Temp\tmpxm3_iu7m cercando le immagini
INFO:functioncae.caehelper:ho analizzato C:\Users\pensa\AppData\Local\Temp\tmp932q_bpq cercando le immagini
INFO:functioncae.caehelper:ho analizzato C:\Users\pensa\AppData\Local\Temp\tmp2ckdcxgn cercando le maschere
INFO:functioncae.caehelper:read C:\Users\pensa\AppData\Local\Temp\tmpxm3_iu7m\Only_Ones.png and changed extension from pgm to png
INFO:functioncae.caehelper:ho scritto il file Only_Ones.png in C:\Users\pensa\AppData\Local\Temp\tmp6u2icf6d come .png 
INFO:functioncae.caehelper:Ho letto Image1_benign_mass_mask.png in C:\Users\pensa\AppData\Local\Temp\tmpxm3_iu7m
INFO:functioncae.caehelper:sovrapposizione riuscita
INFO:functioncae.caehelper:calcolato correttamente il dice ottenendo 0.2797046319087044
INFO:functioncae.caehelper:calcolato correttamente il dice ottenendo 1.0
INFO:functioncae.caehelper:calcolato correttamente il dice ottenendo 0.0
INFO:functioncae.caehelper:ho aperto C:\Users\pensa\AppData\Local\Temp\tmpysbax0qd\Pick.pickle
INFO:functioncae.caehelper:ho caricato <_io.BufferedReader name='C:\\Users\\pensa\\AppData\\Local\\Temp\\tmpysbax0qd\\Pick.pickle'>
INFO:functioncae.caehelper:ho fatto un update a {'thispickle': 'thatpickle'}
INFO:functioncae.caehelper:ho analizzato C:\Users\pensa\AppData\Local\Temp\tmpy98zf1cv cercando le immagini
INFO:functioncae.caehelper:ho preso le immagini e le maschere da C:\Users\pensa\AppData\Local\Temp\tmpy98zf1cv, ho trovato tutto e ho creato gli array delle immagini, maschere e classi
INFO:functioncae.caehelper:ho analizzato C:\Users\pensa\AppData\Local\Temp\tmpy98zf1cv cercando le immagini
INFO:functioncae.caehelper:ho analizzato C:\Mockakedirpath cercando le immagini
INFO:functioncae.caehelper:ho analizzato C:\Users\pensa\AppData\Local\Temp\tmpy98zf1cv cercando le immagini
INFO:functioncae.caehelper:ho analizzato C:\Users\pensa\AppData\Local\Temp\tmp83kvcfdc cercando le immagini
INFO:functioncae.caehelper:ho analizzato C:\Users\pensa\AppData\Local\Temp\tmp5whheoyz cercando le maschere
INFO:functioncae.caehelper:read C:\Users\pensa\AppData\Local\Temp\tmpy98zf1cv\Only_Ones.png and changed extension from pgm to png
INFO:functioncae.caehelper:ho scritto il file Only_Ones.png in C:\Users\pensa\AppData\Local\Temp\tmptoyeloft come .png 
INFO:functioncae.caehelper:Ho letto Image1_benign_mass_mask.png in C:\Users\pensa\AppData\Local\Temp\tmpy98zf1cv
INFO:functioncae.caehelper:sovrapposizione riuscita
INFO:functioncae.caehelper:calcolato correttamente il dice ottenendo 0.2797046319087044
INFO:functioncae.caehelper:calcolato correttamente il dice ottenendo 1.0
INFO:functioncae.caehelper:calcolato correttamente il dice ottenendo 0.0
INFO:functioncae.caehelper:ho aperto C:\Users\pensa\AppData\Local\Temp\tmp0nxmstl4\Pick.pickle
INFO:functioncae.caehelper:ho caricato <_io.BufferedReader name='C:\\Users\\pensa\\AppData\\Local\\Temp\\tmp0nxmstl4\\Pick.pickle'>
INFO:functioncae.caehelper:ho fatto un update a {'thispickle': 'thatpickle'}
INFO:functioncae.caehelper:ho analizzato C:\Users\pensa\AppData\Local\Temp\tmp_abk4oii cercando le immagini
INFO:functioncae.caehelper:ho preso le immagini e le maschere da C:\Users\pensa\AppData\Local\Temp\tmp_abk4oii, ho trovato tutto e ho creato gli array delle immagini, maschere e classi
INFO:functioncae.caehelper:ho analizzato C:\Users\pensa\AppData\Local\Temp\tmp_abk4oii cercando le immagini
INFO:functioncae.caehelper:ho analizzato C:\Mockakedirpath cercando le immagini
INFO:functioncae.caehelper:ho analizzato C:\Users\pensa\AppData\Local\Temp\tmp_abk4oii cercando le immagini
INFO:functioncae.caehelper:ho analizzato C:\Users\pensa\AppData\Local\Temp\tmp6jobwfme cercando le immagini
INFO:functioncae.caehelper:ho analizzato C:\Users\pensa\AppData\Local\Temp\tmpsz_0kg_k cercando le maschere
INFO:functioncae.caehelper:read C:\Users\pensa\AppData\Local\Temp\tmp_abk4oii\Only_Ones.png and changed extension from pgm to png
INFO:functioncae.caehelper:ho scritto il file Only_Ones.png in C:\Users\pensa\AppData\Local\Temp\tmpjefvvm0w come .png 
INFO:functioncae.caehelper:Ho letto Image1_benign_mass_mask.png in C:\Users\pensa\AppData\Local\Temp\tmp_abk4oii
INFO:functioncae.caehelper:ho analizzato C:\Users\pensa\AppData\Local\Temp\tmp9731_79d cercando le immagini
INFO:functioncae.caehelper:ho preso le immagini e le maschere da C:\Users\pensa\AppData\Local\Temp\tmp9731_79d, ho trovato tutto e ho creato gli array delle immagini, maschere e classi
INFO:functioncae.caehelper:ho analizzato C:\Users\pensa\AppData\Local\Temp\tmpck96c7aw cercando le immagini
INFO:functioncae.caehelper:ho analizzato C:\Users\pensa\AppData\Local\Temp\tmplmgfezky cercando le maschere
INFO:functioncae.caehelper:sovrapposizione riuscita
INFO:functioncae.caehelper:calcolato correttamente il dice ottenendo 0.2797046319087044
INFO:functioncae.caehelper:calcolato correttamente il dice ottenendo 1.0
INFO:functioncae.caehelper:calcolato correttamente il dice ottenendo 0.0
INFO:functioncae.caehelper:ho aperto C:\Users\pensa\AppData\Local\Temp\tmp_84hbsmr\Pick.pickle
INFO:functioncae.caehelper:ho caricato <_io.BufferedReader name='C:\\Users\\pensa\\AppData\\Local\\Temp\\tmp_84hbsmr\\Pick.pickle'>
INFO:functioncae.caehelper:ho fatto un update a {'thispickle': 'thatpickle'}
INFO:functioncae.caehelper:ho analizzato C:\Users\pensa\AppData\Local\Temp\tmp9731_79d cercando le immagini
INFO:functioncae.caehelper:ho preso le immagini e le maschere da C:\Users\pensa\AppData\Local\Temp\tmp9731_79d, ho trovato tutto e ho creato gli array delle immagini, maschere e classi
INFO:functioncae.caehelper:ho analizzato C:\Users\pensa\AppData\Local\Temp\tmp9731_79d cercando le immagini
INFO:functioncae.caehelper:ho analizzato C:\Mockakedirpath cercando le immagini
INFO:functioncae.caehelper:ho analizzato C:\Users\pensa\AppData\Local\Temp\tmp9731_79d cercando le immagini
INFO:functioncae.caehelper:ho analizzato C:\Users\pensa\AppData\Local\Temp\tmpck96c7aw cercando le immagini
INFO:functioncae.caehelper:ho analizzato C:\Users\pensa\AppData\Local\Temp\tmplmgfezky cercando le maschere
INFO:functioncae.caehelper:read C:\Users\pensa\AppData\Local\Temp\tmp9731_79d\Only_Ones.png and changed extension from pgm to png
INFO:functioncae.caehelper:ho scritto il file Only_Ones.png in C:\Users\pensa\AppData\Local\Temp\tmployue9gv come .png 
INFO:functioncae.caehelper:Ho letto Image1_benign_mass_mask.png in C:\Users\pensa\AppData\Local\Temp\tmp9731_79d
INFO:functioncae.caehelper:ho analizzato C:\Users\pensa\AppData\Local\Temp\tmp6z33wh4u cercando le immagini
INFO:functioncae.caehelper:ho preso le immagini e le maschere da C:\Users\pensa\AppData\Local\Temp\tmp6z33wh4u, ho trovato tutto e ho creato gli array delle immagini, maschere e classi
INFO:functioncae.caehelper:ho analizzato C:\Users\pensa\AppData\Local\Temp\tmpumefzxi7 cercando le immagini
INFO:functioncae.caehelper:ho analizzato C:\Users\pensa\AppData\Local\Temp\tmpnwsgji62 cercando le maschere
INFO:functioncae.caehelper:sovrapposizione riuscita
INFO:functioncae.caehelper:calcolato correttamente il dice ottenendo 0.2797046319087044
INFO:functioncae.caehelper:calcolato correttamente il dice ottenendo 1.0
INFO:functioncae.caehelper:calcolato correttamente il dice ottenendo 0.0
INFO:functioncae.caehelper:ho aperto C:\Users\pensa\AppData\Local\Temp\tmp582hq4_n\Pick.pickle
INFO:functioncae.caehelper:ho caricato <_io.BufferedReader name='C:\\Users\\pensa\\AppData\\Local\\Temp\\tmp582hq4_n\\Pick.pickle'>
INFO:functioncae.caehelper:ho fatto un update a {'thispickle': 'thatpickle'}
INFO:functioncae.caehelper:ho analizzato C:\Users\pensa\AppData\Local\Temp\tmp6z33wh4u cercando le immagini
INFO:functioncae.caehelper:ho preso le immagini e le maschere da C:\Users\pensa\AppData\Local\Temp\tmp6z33wh4u, ho trovato tutto e ho creato gli array delle immagini, maschere e classi
INFO:functioncae.caehelper:ho analizzato C:\Users\pensa\AppData\Local\Temp\tmp6z33wh4u cercando le immagini
INFO:functioncae.caehelper:ho analizzato C:\Mockakedirpath cercando le immagini
INFO:functioncae.caehelper:ho analizzato C:\Users\pensa\AppData\Local\Temp\tmp6z33wh4u cercando le immagini
INFO:functioncae.caehelper:ho analizzato C:\Users\pensa\AppData\Local\Temp\tmpumefzxi7 cercando le immagini
INFO:functioncae.caehelper:ho analizzato C:\Users\pensa\AppData\Local\Temp\tmpnwsgji62 cercando le maschere
INFO:functioncae.caehelper:read C:\Users\pensa\AppData\Local\Temp\tmp6z33wh4u\Only_Ones.png and changed extension from pgm to png
INFO:functioncae.caehelper:ho scritto il file Only_Ones.png in C:\Users\pensa\AppData\Local\Temp\tmpaoshr2i3 come .png 
INFO:functioncae.caehelper:Ho letto Image1_benign_mass_mask.png in C:\Users\pensa\AppData\Local\Temp\tmp6z33wh4u
INFO:functioncae.caehelper:ho analizzato C:\Users\pensa\AppData\Local\Temp\tmpctv1sm1c cercando le immagini
INFO:functioncae.caehelper:ho preso le immagini e le maschere da C:\Users\pensa\AppData\Local\Temp\tmpctv1sm1c, ho trovato tutto e ho creato gli array delle immagini, maschere e classi
INFO:functioncae.caehelper:ho analizzato C:\Users\pensa\AppData\Local\Temp\tmp4d__2f_b cercando le immagini
INFO:functioncae.caehelper:ho analizzato C:\Users\pensa\AppData\Local\Temp\tmpesl8d8t7 cercando le maschere
INFO:functioncae.caehelper:sovrapposizione riuscita
INFO:functioncae.caehelper:calcolato correttamente il dice ottenendo 0.2797046319087044
INFO:functioncae.caehelper:calcolato correttamente il dice ottenendo 1.0
INFO:functioncae.caehelper:calcolato correttamente il dice ottenendo 0.0
INFO:functioncae.caehelper:ho aperto C:\Users\pensa\AppData\Local\Temp\tmp_otrp5xf\Pick.pickle
INFO:functioncae.caehelper:ho caricato <_io.BufferedReader name='C:\\Users\\pensa\\AppData\\Local\\Temp\\tmp_otrp5xf\\Pick.pickle'>
INFO:functioncae.caehelper:ho fatto un update a {'thispickle': 'thatpickle'}
INFO:functioncae.caehelper:ho analizzato C:\Users\pensa\AppData\Local\Temp\tmpctv1sm1c cercando le immagini
INFO:functioncae.caehelper:ho preso le immagini e le maschere da C:\Users\pensa\AppData\Local\Temp\tmpctv1sm1c, ho trovato tutto e ho creato gli array delle immagini, maschere e classi
INFO:functioncae.caehelper:ho analizzato C:\Users\pensa\AppData\Local\Temp\tmpctv1sm1c cercando le immagini
INFO:functioncae.caehelper:ho analizzato C:\Mockakedirpath cercando le immagini
INFO:functioncae.caehelper:ho analizzato C:\Users\pensa\AppData\Local\Temp\tmpctv1sm1c cercando le immagini
INFO:functioncae.caehelper:ho analizzato C:\Users\pensa\AppData\Local\Temp\tmp4d__2f_b cercando le immagini
INFO:functioncae.caehelper:ho analizzato C:\Users\pensa\AppData\Local\Temp\tmpesl8d8t7 cercando le maschere
INFO:functioncae.caehelper:read C:\Users\pensa\AppData\Local\Temp\tmpctv1sm1c\Only_Ones.png and changed extension from pgm to png
INFO:functioncae.caehelper:ho scritto il file Only_Ones.png in C:\Users\pensa\AppData\Local\Temp\tmp6tcbvc8l come .png 
INFO:functioncae.caehelper:Ho letto Image1_benign_mass_mask.png in C:\Users\pensa\AppData\Local\Temp\tmpctv1sm1c
INFO:functioncae.caehelper:ho analizzato C:\Users\pensa\AppData\Local\Temp\tmp6biwq2ee cercando le immagini
INFO:functioncae.caehelper:ho preso le immagini e le maschere da C:\Users\pensa\AppData\Local\Temp\tmp6biwq2ee, ho trovato tutto e ho creato gli array delle immagini, maschere e classi
INFO:functioncae.caehelper:ho analizzato C:\Users\pensa\AppData\Local\Temp\tmp48i8049h cercando le immagini
INFO:functioncae.caehelper:ho analizzato C:\Users\pensa\AppData\Local\Temp\tmpas84a7zh cercando le maschere
INFO:functioncae.caehelper:sovrapposizione riuscita
INFO:functioncae.caehelper:calcolato correttamente il dice ottenendo 0.2797046319087044
INFO:functioncae.caehelper:calcolato correttamente il dice ottenendo 1.0
INFO:functioncae.caehelper:calcolato correttamente il dice ottenendo 0.0
INFO:functioncae.caehelper:ho aperto C:\Users\pensa\AppData\Local\Temp\tmp_asds4da\Pick.pickle
INFO:functioncae.caehelper:ho caricato <_io.BufferedReader name='C:\\Users\\pensa\\AppData\\Local\\Temp\\tmp_asds4da\\Pick.pickle'>
INFO:functioncae.caehelper:ho fatto un update a {'thispickle': 'thatpickle'}
INFO:functioncae.caehelper:ho analizzato C:\Users\pensa\AppData\Local\Temp\tmp6biwq2ee cercando le immagini
INFO:functioncae.caehelper:ho preso le immagini e le maschere da C:\Users\pensa\AppData\Local\Temp\tmp6biwq2ee, ho trovato tutto e ho creato gli array delle immagini, maschere e classi
INFO:functioncae.caehelper:ho analizzato C:\Users\pensa\AppData\Local\Temp\tmp6biwq2ee cercando le immagini
INFO:functioncae.caehelper:ho analizzato C:\Mockakedirpath cercando le immagini
INFO:functioncae.caehelper:ho analizzato C:\Users\pensa\AppData\Local\Temp\tmp6biwq2ee cercando le immagini
INFO:functioncae.caehelper:ho analizzato C:\Users\pensa\AppData\Local\Temp\tmp48i8049h cercando le immagini
INFO:functioncae.caehelper:ho analizzato C:\Users\pensa\AppData\Local\Temp\tmpas84a7zh cercando le maschere
INFO:functioncae.caehelper:read C:\Users\pensa\AppData\Local\Temp\tmp6biwq2ee\Only_Ones.png and changed extension from pgm to png
INFO:functioncae.caehelper:ho scritto il file Only_Ones.png in C:\Users\pensa\AppData\Local\Temp\tmpg5jbmtyj come .png 
INFO:functioncae.caehelper:Ho letto Image1_benign_mass_mask.png in C:\Users\pensa\AppData\Local\Temp\tmp6biwq2ee
INFO:functioncae.caehelper:ho analizzato C:\Users\pensa\AppData\Local\Temp\tmpghf477ai cercando le immagini
INFO:functioncae.caehelper:ho preso le immagini e le maschere da C:\Users\pensa\AppData\Local\Temp\tmpghf477ai, ho trovato tutto e ho creato gli array delle immagini, maschere e classi
INFO:functioncae.caehelper:ho analizzato C:\Users\pensa\AppData\Local\Temp\tmpzhdzjt2q cercando le immagini
INFO:functioncae.caehelper:ho analizzato C:\Users\pensa\AppData\Local\Temp\tmpd0_ogiob cercando le maschere
INFO:functioncae.caehelper:sovrapposizione riuscita
INFO:functioncae.caehelper:calcolato correttamente il dice ottenendo 0.2797046319087044
INFO:functioncae.caehelper:calcolato correttamente il dice ottenendo 1.0
INFO:functioncae.caehelper:calcolato correttamente il dice ottenendo 0.0
INFO:functioncae.caehelper:ho aperto C:\Users\pensa\AppData\Local\Temp\tmpl9lnt_1c\Pick.pickle
INFO:functioncae.caehelper:ho caricato <_io.BufferedReader name='C:\\Users\\pensa\\AppData\\Local\\Temp\\tmpl9lnt_1c\\Pick.pickle'>
INFO:functioncae.caehelper:ho fatto un update a {'thispickle': 'thatpickle'}
INFO:functioncae.caehelper:ho analizzato C:\Users\pensa\AppData\Local\Temp\tmpghf477ai cercando le immagini
INFO:functioncae.caehelper:ho preso le immagini e le maschere da C:\Users\pensa\AppData\Local\Temp\tmpghf477ai, ho trovato tutto e ho creato gli array delle immagini, maschere e classi
INFO:functioncae.caehelper:ho analizzato C:\Users\pensa\AppData\Local\Temp\tmpghf477ai cercando le immagini
INFO:functioncae.caehelper:ho analizzato C:\Mockakedirpath cercando le immagini
INFO:functioncae.caehelper:ho analizzato C:\Users\pensa\AppData\Local\Temp\tmpghf477ai cercando le immagini
INFO:functioncae.caehelper:ho analizzato C:\Users\pensa\AppData\Local\Temp\tmpzhdzjt2q cercando le immagini
INFO:functioncae.caehelper:ho analizzato C:\Users\pensa\AppData\Local\Temp\tmpd0_ogiob cercando le maschere
INFO:functioncae.caehelper:read C:\Users\pensa\AppData\Local\Temp\tmpghf477ai\Only_Ones.png and changed extension from pgm to png
INFO:functioncae.caehelper:ho scritto il file Only_Ones.png in C:\Users\pensa\AppData\Local\Temp\tmpsiw8dw6l come .png 
INFO:functioncae.caehelper:Ho letto Image1_benign_mass_mask.png in C:\Users\pensa\AppData\Local\Temp\tmpghf477ai
INFO:functioncae.caehelper:ho analizzato C:\Users\pensa\AppData\Local\Temp\tmp7ggmh_pl cercando le immagini
INFO:functioncae.caehelper:ho preso le immagini e le maschere da C:\Users\pensa\AppData\Local\Temp\tmp7ggmh_pl, ho trovato tutto e ho creato gli array delle immagini, maschere e classi
INFO:functioncae.caehelper:ho analizzato C:\Users\pensa\AppData\Local\Temp\tmptd6w0s51 cercando le immagini
INFO:functioncae.caehelper:ho analizzato C:\Users\pensa\AppData\Local\Temp\tmpwll9g8it cercando le maschere
INFO:functioncae.caehelper:sovrapposizione riuscita
INFO:functioncae.caehelper:calcolato correttamente il dice ottenendo 0.2797046319087044
INFO:functioncae.caehelper:calcolato correttamente il dice ottenendo 1.0
INFO:functioncae.caehelper:calcolato correttamente il dice ottenendo 0.0
INFO:functioncae.caehelper:ho aperto C:\Users\pensa\AppData\Local\Temp\tmp7lf63j84\Pick.pickle
INFO:functioncae.caehelper:ho caricato <_io.BufferedReader name='C:\\Users\\pensa\\AppData\\Local\\Temp\\tmp7lf63j84\\Pick.pickle'>
INFO:functioncae.caehelper:ho fatto un update a {'thispickle': 'thatpickle'}
INFO:functioncae.caehelper:ho analizzato C:\Users\pensa\AppData\Local\Temp\tmp7ggmh_pl cercando le immagini
INFO:functioncae.caehelper:ho preso le immagini e le maschere da C:\Users\pensa\AppData\Local\Temp\tmp7ggmh_pl, ho trovato tutto e ho creato gli array delle immagini, maschere e classi
INFO:functioncae.caehelper:ho analizzato C:\Users\pensa\AppData\Local\Temp\tmp7ggmh_pl cercando le immagini
INFO:functioncae.caehelper:ho analizzato C:\Mockakedirpath cercando le immagini
INFO:functioncae.caehelper:ho analizzato C:\Users\pensa\AppData\Local\Temp\tmp7ggmh_pl cercando le immagini
INFO:functioncae.caehelper:ho analizzato C:\Users\pensa\AppData\Local\Temp\tmptd6w0s51 cercando le immagini
INFO:functioncae.caehelper:ho analizzato C:\Users\pensa\AppData\Local\Temp\tmpwll9g8it cercando le maschere
INFO:functioncae.caehelper:read C:\Users\pensa\AppData\Local\Temp\tmp7ggmh_pl\Only_Ones.png and changed extension from pgm to png
INFO:functioncae.caehelper:ho scritto il file Only_Ones.png in C:\Users\pensa\AppData\Local\Temp\tmpz2foo_79 come .png 
INFO:functioncae.caehelper:Ho letto Image1_benign_mass_mask.png in C:\Users\pensa\AppData\Local\Temp\tmp7ggmh_pl
INFO:functioncae.caehelper:ho analizzato C:\Users\pensa\AppData\Local\Temp\tmp5fq3pcvx cercando le immagini
INFO:functioncae.caehelper:ho preso le immagini e le maschere da C:\Users\pensa\AppData\Local\Temp\tmp5fq3pcvx, ho trovato tutto e ho creato gli array delle immagini, maschere e classi
INFO:functioncae.caehelper:ho analizzato C:\Users\pensa\AppData\Local\Temp\tmpiva705eg cercando le immagini
INFO:functioncae.caehelper:ho analizzato C:\Users\pensa\AppData\Local\Temp\tmp6bcv8m7t cercando le maschere
INFO:functioncae.caehelper:sovrapposizione riuscita
INFO:functioncae.caehelper:calcolato correttamente il dice ottenendo 0.2797046319087044
INFO:functioncae.caehelper:calcolato correttamente il dice ottenendo 1.0
INFO:functioncae.caehelper:calcolato correttamente il dice ottenendo 0.0
INFO:functioncae.caehelper:ho aperto C:\Users\pensa\AppData\Local\Temp\tmp0pb4d51b\Pick.pickle
INFO:functioncae.caehelper:ho caricato <_io.BufferedReader name='C:\\Users\\pensa\\AppData\\Local\\Temp\\tmp0pb4d51b\\Pick.pickle'>
INFO:functioncae.caehelper:ho fatto un update a {'thispickle': 'thatpickle'}
INFO:functioncae.caehelper:ho analizzato C:\Users\pensa\AppData\Local\Temp\tmp5fq3pcvx cercando le immagini
INFO:functioncae.caehelper:ho preso le immagini e le maschere da C:\Users\pensa\AppData\Local\Temp\tmp5fq3pcvx, ho trovato tutto e ho creato gli array delle immagini, maschere e classi
INFO:functioncae.caehelper:ho analizzato C:\Users\pensa\AppData\Local\Temp\tmp5fq3pcvx cercando le immagini
INFO:functioncae.caehelper:ho analizzato C:\Mockakedirpath cercando le immagini
INFO:functioncae.caehelper:ho analizzato C:\Users\pensa\AppData\Local\Temp\tmp5fq3pcvx cercando le immagini
INFO:functioncae.caehelper:ho analizzato C:\Users\pensa\AppData\Local\Temp\tmpiva705eg cercando le immagini
INFO:functioncae.caehelper:ho analizzato C:\Users\pensa\AppData\Local\Temp\tmp6bcv8m7t cercando le maschere
INFO:functioncae.caehelper:read C:\Users\pensa\AppData\Local\Temp\tmp5fq3pcvx\Only_Ones.png and changed extension from pgm to png
INFO:functioncae.caehelper:ho scritto il file Only_Ones.png in C:\Users\pensa\AppData\Local\Temp\tmpzuwkot5o come .png 
INFO:functioncae.caehelper:Ho letto Image1_benign_mass_mask.png in C:\Users\pensa\AppData\Local\Temp\tmp5fq3pcvx
INFO:functioncae.caehelper:ho analizzato C:\Users\pensa\AppData\Local\Temp\tmpcwpuuvnq cercando le immagini
INFO:functioncae.caehelper:ho preso le immagini e le maschere da C:\Users\pensa\AppData\Local\Temp\tmpcwpuuvnq, ho trovato tutto e ho creato gli array delle immagini, maschere e classi
INFO:functioncae.caehelper:ho analizzato C:\Users\pensa\AppData\Local\Temp\tmp_p9u49fd cercando le immagini
INFO:functioncae.caehelper:ho analizzato C:\Users\pensa\AppData\Local\Temp\tmpivnkvyuh cercando le maschere
INFO:functioncae.caehelper:sovrapposizione riuscita
INFO:functioncae.caehelper:calcolato correttamente il dice ottenendo 0.2797046319087044
INFO:functioncae.caehelper:calcolato correttamente il dice ottenendo 1.0
INFO:functioncae.caehelper:calcolato correttamente il dice ottenendo 0.0
INFO:functioncae.caehelper:ho aperto C:\Users\pensa\AppData\Local\Temp\tmp_o9hkn8l\Pick.pickle
INFO:functioncae.caehelper:ho caricato <_io.BufferedReader name='C:\\Users\\pensa\\AppData\\Local\\Temp\\tmp_o9hkn8l\\Pick.pickle'>
INFO:functioncae.caehelper:ho fatto un update a {'thispickle': 'thatpickle'}
INFO:functioncae.caehelper:ho analizzato C:\Users\pensa\AppData\Local\Temp\tmpcwpuuvnq cercando le immagini
INFO:functioncae.caehelper:ho preso le immagini e le maschere da C:\Users\pensa\AppData\Local\Temp\tmpcwpuuvnq, ho trovato tutto e ho creato gli array delle immagini, maschere e classi
INFO:functioncae.caehelper:ho analizzato C:\Users\pensa\AppData\Local\Temp\tmpcwpuuvnq cercando le immagini
INFO:functioncae.caehelper:ho analizzato C:\Mockakedirpath cercando le immagini
INFO:functioncae.caehelper:ho analizzato C:\Users\pensa\AppData\Local\Temp\tmpcwpuuvnq cercando le immagini
INFO:functioncae.caehelper:ho analizzato C:\Users\pensa\AppData\Local\Temp\tmp_p9u49fd cercando le immagini
INFO:functioncae.caehelper:ho analizzato C:\Users\pensa\AppData\Local\Temp\tmpivnkvyuh cercando le maschere
INFO:functioncae.caehelper:read C:\Users\pensa\AppData\Local\Temp\tmpcwpuuvnq\Only_Ones.png and changed extension from pgm to png
INFO:functioncae.caehelper:ho scritto il file Only_Ones.png in C:\Users\pensa\AppData\Local\Temp\tmp98tj28da come .png 
INFO:functioncae.caehelper:Ho letto Image1_benign_mass_mask.png in C:\Users\pensa\AppData\Local\Temp\tmpcwpuuvnq
INFO:functioncae.caehelper:ho analizzato C:\Users\pensa\AppData\Local\Temp\tmplv5mrytl cercando le immagini
INFO:functioncae.caehelper:ho preso le immagini e le maschere da C:\Users\pensa\AppData\Local\Temp\tmplv5mrytl, ho trovato tutto e ho creato gli array delle immagini, maschere e classi
INFO:functioncae.caehelper:ho analizzato C:\Users\pensa\AppData\Local\Temp\tmplgxdyofr cercando le immagini
INFO:functioncae.caehelper:ho analizzato C:\Users\pensa\AppData\Local\Temp\tmpgg7ye2f1 cercando le maschere
INFO:functioncae.caehelper:sovrapposizione riuscita
INFO:functioncae.caehelper:calcolato correttamente il dice ottenendo 0.2797046319087044
INFO:functioncae.caehelper:calcolato correttamente il dice ottenendo 1.0
INFO:functioncae.caehelper:calcolato correttamente il dice ottenendo 0.0
INFO:functioncae.caehelper:ho aperto C:\Users\pensa\AppData\Local\Temp\tmpldizy1aq\Pick.pickle
INFO:functioncae.caehelper:ho caricato <_io.BufferedReader name='C:\\Users\\pensa\\AppData\\Local\\Temp\\tmpldizy1aq\\Pick.pickle'>
INFO:functioncae.caehelper:ho fatto un update a {'thispickle': 'thatpickle'}
INFO:functioncae.caehelper:ho analizzato C:\Users\pensa\AppData\Local\Temp\tmplv5mrytl cercando le immagini
INFO:functioncae.caehelper:ho preso le immagini e le maschere da C:\Users\pensa\AppData\Local\Temp\tmplv5mrytl, ho trovato tutto e ho creato gli array delle immagini, maschere e classi
INFO:functioncae.caehelper:ho analizzato C:\Users\pensa\AppData\Local\Temp\tmplv5mrytl cercando le immagini
INFO:functioncae.caehelper:ho analizzato C:\Mockakedirpath cercando le immagini
INFO:functioncae.caehelper:ho analizzato C:\Users\pensa\AppData\Local\Temp\tmplv5mrytl cercando le immagini
INFO:functioncae.caehelper:ho analizzato C:\Users\pensa\AppData\Local\Temp\tmplgxdyofr cercando le immagini
INFO:functioncae.caehelper:ho analizzato C:\Users\pensa\AppData\Local\Temp\tmpgg7ye2f1 cercando le maschere
INFO:functioncae.caehelper:read C:\Users\pensa\AppData\Local\Temp\tmplv5mrytl\Only_Ones.png and changed extension from pgm to png
INFO:functioncae.caehelper:ho scritto il file Only_Ones.png in C:\Users\pensa\AppData\Local\Temp\tmphrr2v67g come .png 
INFO:functioncae.caehelper:Ho letto Image1_benign_mass_mask.png in C:\Users\pensa\AppData\Local\Temp\tmplv5mrytl
INFO:functioncae.caehelper:ho analizzato C:\Users\pensa\AppData\Local\Temp\tmpkr5jhv97 cercando le immagini
INFO:functioncae.caehelper:ho preso le immagini e le maschere da C:\Users\pensa\AppData\Local\Temp\tmpkr5jhv97, ho trovato tutto e ho creato gli array delle immagini, maschere e classi
INFO:functioncae.caehelper:ho analizzato C:\Users\pensa\AppData\Local\Temp\tmp7smh0s0c cercando le immagini
INFO:functioncae.caehelper:ho analizzato C:\Users\pensa\AppData\Local\Temp\tmpt9cxx_03 cercando le maschere
INFO:functioncae.caehelper:sovrapposizione riuscita
INFO:functioncae.caehelper:calcolato correttamente il dice ottenendo 0.2797046319087044
INFO:functioncae.caehelper:calcolato correttamente il dice ottenendo 1.0
INFO:functioncae.caehelper:calcolato correttamente il dice ottenendo 0.0
INFO:functioncae.caehelper:ho aperto C:\Users\pensa\AppData\Local\Temp\tmpgm_409v7\Pick.pickle
INFO:functioncae.caehelper:ho caricato <_io.BufferedReader name='C:\\Users\\pensa\\AppData\\Local\\Temp\\tmpgm_409v7\\Pick.pickle'>
INFO:functioncae.caehelper:ho fatto un update a {'thispickle': 'thatpickle'}
INFO:functioncae.caehelper:ho analizzato C:\Users\pensa\AppData\Local\Temp\tmpkr5jhv97 cercando le immagini
INFO:functioncae.caehelper:ho preso le immagini e le maschere da C:\Users\pensa\AppData\Local\Temp\tmpkr5jhv97, ho trovato tutto e ho creato gli array delle immagini, maschere e classi
INFO:functioncae.caehelper:ho analizzato C:\Users\pensa\AppData\Local\Temp\tmpkr5jhv97 cercando le immagini
INFO:functioncae.caehelper:ho analizzato C:\Mockakedirpath cercando le immagini
INFO:functioncae.caehelper:ho analizzato C:\Users\pensa\AppData\Local\Temp\tmpkr5jhv97 cercando le immagini
INFO:functioncae.caehelper:ho analizzato C:\Users\pensa\AppData\Local\Temp\tmp7smh0s0c cercando le immagini
INFO:functioncae.caehelper:ho analizzato C:\Users\pensa\AppData\Local\Temp\tmpt9cxx_03 cercando le maschere
INFO:functioncae.caehelper:read C:\Users\pensa\AppData\Local\Temp\tmpkr5jhv97\Only_Ones.png and changed extension from pgm to png
INFO:functioncae.caehelper:ho scritto il file Only_Ones.png in C:\Users\pensa\AppData\Local\Temp\tmp850kwdft come .png 
INFO:functioncae.caehelper:Ho letto Image1_benign_mass_mask.png in C:\Users\pensa\AppData\Local\Temp\tmpkr5jhv97
INFO:functioncae.caehelper:ho analizzato C:\Users\pensa\AppData\Local\Temp\tmpdq0o7rfw cercando le immagini
INFO:functioncae.caehelper:ho preso le immagini e le maschere da C:\Users\pensa\AppData\Local\Temp\tmpdq0o7rfw, ho trovato tutto e ho creato gli array delle immagini, maschere e classi
INFO:functioncae.caehelper:ho analizzato C:\Users\pensa\AppData\Local\Temp\tmp9o508omt cercando le immagini
INFO:functioncae.caehelper:ho analizzato C:\Users\pensa\AppData\Local\Temp\tmpbs5chasr cercando le maschere
INFO:functioncae.caehelper:sovrapposizione riuscita
INFO:functioncae.caehelper:calcolato correttamente il dice ottenendo 0.2797046319087044
INFO:functioncae.caehelper:calcolato correttamente il dice ottenendo 1.0
INFO:functioncae.caehelper:calcolato correttamente il dice ottenendo 0.0
INFO:functioncae.caehelper:ho aperto C:\Users\pensa\AppData\Local\Temp\tmpyjkxzstu\Pick.pickle
INFO:functioncae.caehelper:ho caricato <_io.BufferedReader name='C:\\Users\\pensa\\AppData\\Local\\Temp\\tmpyjkxzstu\\Pick.pickle'>
INFO:functioncae.caehelper:ho fatto un update a {'thispickle': 'thatpickle'}
INFO:functioncae.caehelper:ho analizzato C:\Users\pensa\AppData\Local\Temp\tmpdq0o7rfw cercando le immagini
INFO:functioncae.caehelper:ho preso le immagini e le maschere da C:\Users\pensa\AppData\Local\Temp\tmpdq0o7rfw, ho trovato tutto e ho creato gli array delle immagini, maschere e classi
INFO:functioncae.caehelper:ho analizzato C:\Users\pensa\AppData\Local\Temp\tmpdq0o7rfw cercando le immagini
INFO:functioncae.caehelper:ho analizzato C:\Mockakedirpath cercando le immagini
INFO:functioncae.caehelper:ho analizzato C:\Users\pensa\AppData\Local\Temp\tmpdq0o7rfw cercando le immagini
INFO:functioncae.caehelper:ho analizzato C:\Users\pensa\AppData\Local\Temp\tmp9o508omt cercando le immagini
INFO:functioncae.caehelper:ho analizzato C:\Users\pensa\AppData\Local\Temp\tmpbs5chasr cercando le maschere
INFO:functioncae.caehelper:read C:\Users\pensa\AppData\Local\Temp\tmpdq0o7rfw\Only_Ones.png and changed extension from pgm to png
INFO:functioncae.caehelper:ho scritto il file Only_Ones.png in C:\Users\pensa\AppData\Local\Temp\tmpnplxnk4k come .png 
INFO:functioncae.caehelper:Ho letto Image1_benign_mass_mask.png in C:\Users\pensa\AppData\Local\Temp\tmpdq0o7rfw
INFO:functioncae.caehelper:ho analizzato C:\Users\pensa\AppData\Local\Temp\tmpwqkemwbu cercando le immagini
INFO:functioncae.caehelper:ho preso le immagini e le maschere da C:\Users\pensa\AppData\Local\Temp\tmpwqkemwbu, ho trovato tutto e ho creato gli array delle immagini, maschere e classi
INFO:functioncae.caehelper:ho analizzato C:\Users\pensa\AppData\Local\Temp\tmpzsr1m32h cercando le immagini
INFO:functioncae.caehelper:ho analizzato C:\Users\pensa\AppData\Local\Temp\tmpuf0jx21n cercando le maschere
INFO:functioncae.caehelper:sovrapposizione riuscita
INFO:functioncae.caehelper:calcolato correttamente il dice ottenendo 0.2797046319087044
INFO:functioncae.caehelper:calcolato correttamente il dice ottenendo 1.0
INFO:functioncae.caehelper:calcolato correttamente il dice ottenendo 0.0
INFO:functioncae.caehelper:ho aperto C:\Users\pensa\AppData\Local\Temp\tmpwkikh7xi\Pick.pickle
INFO:functioncae.caehelper:ho caricato <_io.BufferedReader name='C:\\Users\\pensa\\AppData\\Local\\Temp\\tmpwkikh7xi\\Pick.pickle'>
INFO:functioncae.caehelper:ho fatto un update a {'thispickle': 'thatpickle'}
INFO:functioncae.caehelper:ho analizzato C:\Users\pensa\AppData\Local\Temp\tmpwqkemwbu cercando le immagini
INFO:functioncae.caehelper:ho preso le immagini e le maschere da C:\Users\pensa\AppData\Local\Temp\tmpwqkemwbu, ho trovato tutto e ho creato gli array delle immagini, maschere e classi
INFO:functioncae.caehelper:ho analizzato C:\Users\pensa\AppData\Local\Temp\tmpwqkemwbu cercando le immagini
INFO:functioncae.caehelper:ho analizzato C:\Mockakedirpath cercando le immagini
INFO:functioncae.caehelper:ho analizzato C:\Users\pensa\AppData\Local\Temp\tmpwqkemwbu cercando le immagini
INFO:functioncae.caehelper:ho analizzato C:\Users\pensa\AppData\Local\Temp\tmpzsr1m32h cercando le immagini
INFO:functioncae.caehelper:ho analizzato C:\Users\pensa\AppData\Local\Temp\tmpuf0jx21n cercando le maschere
INFO:functioncae.caehelper:read C:\Users\pensa\AppData\Local\Temp\tmpwqkemwbu\Only_Ones.png and changed extension from pgm to png
INFO:functioncae.caehelper:ho scritto il file Only_Ones.png in C:\Users\pensa\AppData\Local\Temp\tmpu4ji5agc come .png 
INFO:functioncae.caehelper:Ho letto Image1_benign_mass_mask.png in C:\Users\pensa\AppData\Local\Temp\tmpwqkemwbu
INFO:functioncae.caehelper:ho analizzato C:\Users\pensa\AppData\Local\Temp\tmp4fbzhf1f cercando le immagini
INFO:functioncae.caehelper:ho preso le immagini e le maschere da C:\Users\pensa\AppData\Local\Temp\tmp4fbzhf1f, ho trovato tutto e ho creato gli array delle immagini, maschere e classi
INFO:functioncae.caehelper:ho analizzato C:\Users\pensa\AppData\Local\Temp\tmphmlolt_m cercando le immagini
INFO:functioncae.caehelper:ho analizzato C:\Users\pensa\AppData\Local\Temp\tmprl2t1p_c cercando le maschere
INFO:functioncae.caehelper:sovrapposizione riuscita
INFO:functioncae.caehelper:calcolato correttamente il dice ottenendo 0.2797046319087044
INFO:functioncae.caehelper:calcolato correttamente il dice ottenendo 1.0
INFO:functioncae.caehelper:calcolato correttamente il dice ottenendo 0.0
INFO:functioncae.caehelper:ho aperto C:\Users\pensa\AppData\Local\Temp\tmpym6bhxho\Pick.pickle
INFO:functioncae.caehelper:ho caricato <_io.BufferedReader name='C:\\Users\\pensa\\AppData\\Local\\Temp\\tmpym6bhxho\\Pick.pickle'>
INFO:functioncae.caehelper:ho fatto un update a {'thispickle': 'thatpickle'}
INFO:functioncae.caehelper:ho analizzato C:\Users\pensa\AppData\Local\Temp\tmp4fbzhf1f cercando le immagini
INFO:functioncae.caehelper:ho preso le immagini e le maschere da C:\Users\pensa\AppData\Local\Temp\tmp4fbzhf1f, ho trovato tutto e ho creato gli array delle immagini, maschere e classi
INFO:functioncae.caehelper:ho analizzato C:\Users\pensa\AppData\Local\Temp\tmp4fbzhf1f cercando le immagini
INFO:functioncae.caehelper:ho analizzato C:\Mockakedirpath cercando le immagini
INFO:functioncae.caehelper:ho analizzato C:\Users\pensa\AppData\Local\Temp\tmp4fbzhf1f cercando le immagini
INFO:functioncae.caehelper:ho analizzato C:\Users\pensa\AppData\Local\Temp\tmphmlolt_m cercando le immagini
INFO:functioncae.caehelper:ho analizzato C:\Users\pensa\AppData\Local\Temp\tmprl2t1p_c cercando le maschere
INFO:functioncae.caehelper:read C:\Users\pensa\AppData\Local\Temp\tmp4fbzhf1f\Only_Ones.png and changed extension from pgm to png
INFO:functioncae.caehelper:ho scritto il file Only_Ones.png in C:\Users\pensa\AppData\Local\Temp\tmprb2declg come .png 
INFO:functioncae.caehelper:Ho letto Image1_benign_mass_mask.png in C:\Users\pensa\AppData\Local\Temp\tmp4fbzhf1f
INFO:functioncae.caehelper:ho analizzato C:\Users\pensa\AppData\Local\Temp\tmp5oqk4_xr cercando le immagini
INFO:functioncae.caehelper:ho preso le immagini e le maschere da C:\Users\pensa\AppData\Local\Temp\tmp5oqk4_xr, ho trovato tutto e ho creato gli array delle immagini, maschere e classi
INFO:functioncae.caehelper:ho analizzato C:\Users\pensa\AppData\Local\Temp\tmppp0wmggs cercando le immagini
INFO:functioncae.caehelper:ho analizzato C:\Users\pensa\AppData\Local\Temp\tmp9d6wjjqo cercando le maschere
INFO:functioncae.caehelper:sovrapposizione riuscita
INFO:functioncae.caehelper:calcolato correttamente il dice ottenendo 0.2797046319087044
INFO:functioncae.caehelper:calcolato correttamente il dice ottenendo 1.0
INFO:functioncae.caehelper:calcolato correttamente il dice ottenendo 0.0
INFO:functioncae.caehelper:ho aperto C:\Users\pensa\AppData\Local\Temp\tmp0bud1_dr\Pick.pickle
INFO:functioncae.caehelper:ho caricato <_io.BufferedReader name='C:\\Users\\pensa\\AppData\\Local\\Temp\\tmp0bud1_dr\\Pick.pickle'>
INFO:functioncae.caehelper:ho fatto un update a {'thispickle': 'thatpickle'}
INFO:functioncae.caehelper:ho analizzato C:\Users\pensa\AppData\Local\Temp\tmp5oqk4_xr cercando le immagini
INFO:functioncae.caehelper:ho preso le immagini e le maschere da C:\Users\pensa\AppData\Local\Temp\tmp5oqk4_xr, ho trovato tutto e ho creato gli array delle immagini, maschere e classi
INFO:functioncae.caehelper:ho analizzato C:\Users\pensa\AppData\Local\Temp\tmp5oqk4_xr cercando le immagini
INFO:functioncae.caehelper:ho analizzato C:\Mockakedirpath cercando le immagini
INFO:functioncae.caehelper:ho analizzato C:\Users\pensa\AppData\Local\Temp\tmp5oqk4_xr cercando le immagini
INFO:functioncae.caehelper:ho analizzato C:\Users\pensa\AppData\Local\Temp\tmppp0wmggs cercando le immagini
INFO:functioncae.caehelper:ho analizzato C:\Users\pensa\AppData\Local\Temp\tmp9d6wjjqo cercando le maschere
INFO:functioncae.caehelper:read C:\Users\pensa\AppData\Local\Temp\tmp5oqk4_xr\Only_Ones.png and changed extension from pgm to png
INFO:functioncae.caehelper:ho scritto il file Only_Ones.png in C:\Users\pensa\AppData\Local\Temp\tmpdh4kj_8a come .png 
INFO:functioncae.caehelper:Ho letto Image1_benign_mass_mask.png in C:\Users\pensa\AppData\Local\Temp\tmp5oqk4_xr
INFO:functioncae.caehelper:ho analizzato C:\Users\pensa\AppData\Local\Temp\tmpcli080z9 cercando le immagini
INFO:functioncae.caehelper:ho preso le immagini e le maschere da C:\Users\pensa\AppData\Local\Temp\tmpcli080z9, ho trovato tutto e ho creato gli array delle immagini, maschere e classi
INFO:functioncae.caehelper:ho analizzato C:\Users\pensa\AppData\Local\Temp\tmpa_tnpd6v cercando le immagini
INFO:functioncae.caehelper:ho analizzato C:\Users\pensa\AppData\Local\Temp\tmpmmmw8bfn cercando le maschere
INFO:functioncae.caehelper:sovrapposizione riuscita
INFO:functioncae.caehelper:calcolato correttamente il dice ottenendo 0.2797046319087044
INFO:functioncae.caehelper:calcolato correttamente il dice ottenendo 1.0
INFO:functioncae.caehelper:calcolato correttamente il dice ottenendo 0.0
INFO:functioncae.caehelper:ho aperto C:\Users\pensa\AppData\Local\Temp\tmpqb7p8orz\Pick.pickle
INFO:functioncae.caehelper:ho caricato <_io.BufferedReader name='C:\\Users\\pensa\\AppData\\Local\\Temp\\tmpqb7p8orz\\Pick.pickle'>
INFO:functioncae.caehelper:ho fatto un update a {'thispickle': 'thatpickle'}
INFO:functioncae.caehelper:ho analizzato C:\Users\pensa\AppData\Local\Temp\tmpcli080z9 cercando le immagini
INFO:functioncae.caehelper:ho preso le immagini e le maschere da C:\Users\pensa\AppData\Local\Temp\tmpcli080z9, ho trovato tutto e ho creato gli array delle immagini, maschere e classi
INFO:functioncae.caehelper:ho analizzato C:\Users\pensa\AppData\Local\Temp\tmpcli080z9 cercando le immagini
INFO:functioncae.caehelper:ho analizzato C:\Mockakedirpath cercando le immagini
INFO:functioncae.caehelper:ho analizzato C:\Users\pensa\AppData\Local\Temp\tmpcli080z9 cercando le immagini
INFO:functioncae.caehelper:ho analizzato C:\Users\pensa\AppData\Local\Temp\tmpa_tnpd6v cercando le immagini
INFO:functioncae.caehelper:ho analizzato C:\Users\pensa\AppData\Local\Temp\tmpmmmw8bfn cercando le maschere
INFO:functioncae.caehelper:read C:\Users\pensa\AppData\Local\Temp\tmpcli080z9\Only_Ones.png and changed extension from pgm to png
INFO:functioncae.caehelper:ho scritto il file Only_Ones.png in C:\Users\pensa\AppData\Local\Temp\tmp5x27lzad come .png 
INFO:functioncae.caehelper:Ho letto Image1_benign_mass_mask.png in C:\Users\pensa\AppData\Local\Temp\tmpcli080z9
INFO:functioncae.caehelper:ho analizzato C:\Users\pensa\AppData\Local\Temp\tmpncppbo5d cercando le immagini
INFO:functioncae.caehelper:ho preso le immagini e le maschere da C:\Users\pensa\AppData\Local\Temp\tmpncppbo5d, ho trovato tutto e ho creato gli array delle immagini, maschere e classi
INFO:functioncae.caehelper:ho analizzato C:\Users\pensa\AppData\Local\Temp\tmpj31c94zp cercando le immagini
INFO:functioncae.caehelper:ho analizzato C:\Users\pensa\AppData\Local\Temp\tmp45t9t53i cercando le maschere
INFO:functioncae.caehelper:sovrapposizione riuscita
INFO:functioncae.caehelper:calcolato correttamente il dice ottenendo 0.2797046319087044
INFO:functioncae.caehelper:calcolato correttamente il dice ottenendo 1.0
INFO:functioncae.caehelper:calcolato correttamente il dice ottenendo 0.0
INFO:functioncae.caehelper:ho aperto C:\Users\pensa\AppData\Local\Temp\tmppebv3jzi\Pick.pickle
INFO:functioncae.caehelper:ho caricato <_io.BufferedReader name='C:\\Users\\pensa\\AppData\\Local\\Temp\\tmppebv3jzi\\Pick.pickle'>
INFO:functioncae.caehelper:ho fatto un update a {'thispickle': 'thatpickle'}
INFO:functioncae.caehelper:ho analizzato C:\Users\pensa\AppData\Local\Temp\tmpncppbo5d cercando le immagini
INFO:functioncae.caehelper:ho preso le immagini e le maschere da C:\Users\pensa\AppData\Local\Temp\tmpncppbo5d, ho trovato tutto e ho creato gli array delle immagini, maschere e classi
INFO:functioncae.caehelper:ho analizzato C:\Users\pensa\AppData\Local\Temp\tmpncppbo5d cercando le immagini
INFO:functioncae.caehelper:ho analizzato C:\Mockakedirpath cercando le immagini
INFO:functioncae.caehelper:ho analizzato C:\Users\pensa\AppData\Local\Temp\tmpncppbo5d cercando le immagini
INFO:functioncae.caehelper:ho analizzato C:\Users\pensa\AppData\Local\Temp\tmpj31c94zp cercando le immagini
INFO:functioncae.caehelper:ho analizzato C:\Users\pensa\AppData\Local\Temp\tmp45t9t53i cercando le maschere
INFO:functioncae.caehelper:read C:\Users\pensa\AppData\Local\Temp\tmpncppbo5d\Only_Ones.png and changed extension from pgm to png
INFO:functioncae.caehelper:ho scritto il file Only_Ones.png in C:\Users\pensa\AppData\Local\Temp\tmp6qy0164q come .png 
INFO:functioncae.caehelper:Ho letto Image1_benign_mass_mask.png in C:\Users\pensa\AppData\Local\Temp\tmpncppbo5d
INFO:functioncae.caehelper:ho analizzato C:\Users\pensa\AppData\Local\Temp\tmp887arlaf cercando le immagini
INFO:functioncae.caehelper:ho preso le immagini e le maschere da C:\Users\pensa\AppData\Local\Temp\tmp887arlaf, ho trovato tutto e ho creato gli array delle immagini, maschere e classi
INFO:functioncae.caehelper:ho analizzato C:\Users\pensa\AppData\Local\Temp\tmp56ph1a9u cercando le immagini
INFO:functioncae.caehelper:ho analizzato C:\Users\pensa\AppData\Local\Temp\tmpohbbhwnc cercando le maschere
INFO:functioncae.caehelper:sovrapposizione riuscita
INFO:functioncae.caehelper:calcolato correttamente il dice ottenendo 0.2797046319087044
INFO:functioncae.caehelper:calcolato correttamente il dice ottenendo 1.0
INFO:functioncae.caehelper:calcolato correttamente il dice ottenendo 0.0
INFO:functioncae.caehelper:ho aperto C:\Users\pensa\AppData\Local\Temp\tmp64rt1ukh\Pick.pickle
INFO:functioncae.caehelper:ho caricato <_io.BufferedReader name='C:\\Users\\pensa\\AppData\\Local\\Temp\\tmp64rt1ukh\\Pick.pickle'>
INFO:functioncae.caehelper:ho fatto un update a {'thispickle': 'thatpickle'}
INFO:functioncae.caehelper:ho analizzato C:\Users\pensa\AppData\Local\Temp\tmp887arlaf cercando le immagini
INFO:functioncae.caehelper:ho preso le immagini e le maschere da C:\Users\pensa\AppData\Local\Temp\tmp887arlaf, ho trovato tutto e ho creato gli array delle immagini, maschere e classi
INFO:functioncae.caehelper:ho analizzato C:\Users\pensa\AppData\Local\Temp\tmp887arlaf cercando le immagini
INFO:functioncae.caehelper:ho analizzato C:\Mockakedirpath cercando le immagini
INFO:functioncae.caehelper:ho analizzato C:\Users\pensa\AppData\Local\Temp\tmp887arlaf cercando le immagini
INFO:functioncae.caehelper:ho analizzato C:\Users\pensa\AppData\Local\Temp\tmp56ph1a9u cercando le immagini
INFO:functioncae.caehelper:ho analizzato C:\Users\pensa\AppData\Local\Temp\tmpohbbhwnc cercando le maschere
INFO:functioncae.caehelper:read C:\Users\pensa\AppData\Local\Temp\tmp887arlaf\Only_Ones.png and changed extension from pgm to png
INFO:functioncae.caehelper:ho scritto il file Only_Ones.png in C:\Users\pensa\AppData\Local\Temp\tmpaozynfwl come .png 
INFO:functioncae.caehelper:Ho letto Image1_benign_mass_mask.png in C:\Users\pensa\AppData\Local\Temp\tmp887arlaf
INFO:functioncae.caehelper:ho analizzato C:\Users\pensa\AppData\Local\Temp\tmp1uyy4lnp cercando le immagini
INFO:functioncae.caehelper:ho preso le immagini e le maschere da C:\Users\pensa\AppData\Local\Temp\tmp1uyy4lnp, ho trovato tutto e ho creato gli array delle immagini, maschere e classi
INFO:functioncae.caehelper:ho analizzato C:\Users\pensa\AppData\Local\Temp\tmpgajk3std cercando le immagini
INFO:functioncae.caehelper:ho analizzato C:\Users\pensa\AppData\Local\Temp\tmp0dp5wdy9 cercando le maschere
INFO:functioncae.caehelper:sovrapposizione riuscita
INFO:functioncae.caehelper:calcolato correttamente il dice ottenendo 0.2797046319087044
INFO:functioncae.caehelper:calcolato correttamente il dice ottenendo 1.0
INFO:functioncae.caehelper:calcolato correttamente il dice ottenendo 0.0
INFO:functioncae.caehelper:ho aperto C:\Users\pensa\AppData\Local\Temp\tmpcawjvqwa\Pick.pickle
INFO:functioncae.caehelper:ho caricato <_io.BufferedReader name='C:\\Users\\pensa\\AppData\\Local\\Temp\\tmpcawjvqwa\\Pick.pickle'>
INFO:functioncae.caehelper:ho fatto un update a {'thispickle': 'thatpickle'}
INFO:functioncae.caehelper:ho analizzato C:\Users\pensa\AppData\Local\Temp\tmp1uyy4lnp cercando le immagini
INFO:functioncae.caehelper:ho preso le immagini e le maschere da C:\Users\pensa\AppData\Local\Temp\tmp1uyy4lnp, ho trovato tutto e ho creato gli array delle immagini, maschere e classi
INFO:functioncae.caehelper:ho analizzato C:\Users\pensa\AppData\Local\Temp\tmp1uyy4lnp cercando le immagini
INFO:functioncae.caehelper:ho analizzato C:\Mockakedirpath cercando le immagini
INFO:functioncae.caehelper:ho analizzato C:\Users\pensa\AppData\Local\Temp\tmp1uyy4lnp cercando le immagini
INFO:functioncae.caehelper:ho analizzato C:\Users\pensa\AppData\Local\Temp\tmpgajk3std cercando le immagini
INFO:functioncae.caehelper:ho analizzato C:\Users\pensa\AppData\Local\Temp\tmp0dp5wdy9 cercando le maschere
INFO:functioncae.caehelper:read C:\Users\pensa\AppData\Local\Temp\tmp1uyy4lnp\Only_Ones.png and changed extension from pgm to png
INFO:functioncae.caehelper:ho scritto il file Only_Ones.png in C:\Users\pensa\AppData\Local\Temp\tmplnz98jdb come .png 
INFO:functioncae.caehelper:Ho letto Image1_benign_mass_mask.png in C:\Users\pensa\AppData\Local\Temp\tmp1uyy4lnp
INFO:functioncae.caehelper:ho analizzato C:\Users\pensa\AppData\Local\Temp\tmpi6movh7u cercando le immagini
INFO:functioncae.caehelper:ho preso le immagini e le maschere da C:\Users\pensa\AppData\Local\Temp\tmpi6movh7u, ho trovato tutto e ho creato gli array delle immagini, maschere e classi
INFO:functioncae.caehelper:ho analizzato C:\Users\pensa\AppData\Local\Temp\tmpsikbcwqe cercando le immagini
INFO:functioncae.caehelper:ho analizzato C:\Users\pensa\AppData\Local\Temp\tmps9cfoc00 cercando le maschere
INFO:functioncae.caehelper:sovrapposizione riuscita
INFO:functioncae.caehelper:calcolato correttamente il dice ottenendo 0.2797046319087044
INFO:functioncae.caehelper:calcolato correttamente il dice ottenendo 1.0
INFO:functioncae.caehelper:calcolato correttamente il dice ottenendo 0.0
INFO:functioncae.caehelper:ho aperto C:\Users\pensa\AppData\Local\Temp\tmpcr26jlm9\Pick.pickle
INFO:functioncae.caehelper:ho caricato <_io.BufferedReader name='C:\\Users\\pensa\\AppData\\Local\\Temp\\tmpcr26jlm9\\Pick.pickle'>
INFO:functioncae.caehelper:ho fatto un update a {'thispickle': 'thatpickle'}
INFO:functioncae.caehelper:ho analizzato C:\Users\pensa\AppData\Local\Temp\tmpi6movh7u cercando le immagini
INFO:functioncae.caehelper:ho preso le immagini e le maschere da C:\Users\pensa\AppData\Local\Temp\tmpi6movh7u, ho trovato tutto e ho creato gli array delle immagini, maschere e classi
INFO:functioncae.caehelper:ho analizzato C:\Users\pensa\AppData\Local\Temp\tmpi6movh7u cercando le immagini
INFO:functioncae.caehelper:ho analizzato C:\Mockakedirpath cercando le immagini
INFO:functioncae.caehelper:ho analizzato C:\Users\pensa\AppData\Local\Temp\tmpi6movh7u cercando le immagini
INFO:functioncae.caehelper:ho analizzato C:\Users\pensa\AppData\Local\Temp\tmpsikbcwqe cercando le immagini
INFO:functioncae.caehelper:ho analizzato C:\Users\pensa\AppData\Local\Temp\tmps9cfoc00 cercando le maschere
INFO:functioncae.caehelper:read C:\Users\pensa\AppData\Local\Temp\tmpi6movh7u\Only_Ones.png and changed extension from pgm to png
INFO:functioncae.caehelper:ho scritto il file Only_Ones.png in C:\Users\pensa\AppData\Local\Temp\tmp5ymgcs36 come .png 
INFO:functioncae.caehelper:Ho letto Image1_benign_mass_mask.png in C:\Users\pensa\AppData\Local\Temp\tmpi6movh7u
INFO:functioncae.caehelper:ho analizzato C:\Users\pensa\AppData\Local\Temp\tmp0744hvxy cercando le immagini
INFO:functioncae.caehelper:ho preso le immagini e le maschere da C:\Users\pensa\AppData\Local\Temp\tmp0744hvxy, ho trovato tutto e ho creato gli array delle immagini, maschere e classi
INFO:functioncae.caehelper:ho analizzato C:\Users\pensa\AppData\Local\Temp\tmppveqljlk cercando le immagini
INFO:functioncae.caehelper:ho analizzato C:\Users\pensa\AppData\Local\Temp\tmp2uy4c0mz cercando le maschere
INFO:functioncae.caehelper:sovrapposizione riuscita
INFO:functioncae.caehelper:calcolato correttamente il dice ottenendo 0.2797046319087044
INFO:functioncae.caehelper:calcolato correttamente il dice ottenendo 1.0
INFO:functioncae.caehelper:calcolato correttamente il dice ottenendo 0.0
INFO:functioncae.caehelper:ho aperto C:\Users\pensa\AppData\Local\Temp\tmp36wwdu07\Pick.pickle
INFO:functioncae.caehelper:ho caricato <_io.BufferedReader name='C:\\Users\\pensa\\AppData\\Local\\Temp\\tmp36wwdu07\\Pick.pickle'>
INFO:functioncae.caehelper:ho fatto un update a {'thispickle': 'thatpickle'}
INFO:functioncae.caehelper:ho analizzato C:\Users\pensa\AppData\Local\Temp\tmp0744hvxy cercando le immagini
INFO:functioncae.caehelper:ho preso le immagini e le maschere da C:\Users\pensa\AppData\Local\Temp\tmp0744hvxy, ho trovato tutto e ho creato gli array delle immagini, maschere e classi
INFO:functioncae.caehelper:ho analizzato C:\Users\pensa\AppData\Local\Temp\tmp0744hvxy cercando le immagini
INFO:functioncae.caehelper:ho analizzato C:\Mockakedirpath cercando le immagini
INFO:functioncae.caehelper:ho analizzato C:\Users\pensa\AppData\Local\Temp\tmp0744hvxy cercando le immagini
INFO:functioncae.caehelper:ho analizzato C:\Users\pensa\AppData\Local\Temp\tmppveqljlk cercando le immagini
INFO:functioncae.caehelper:ho analizzato C:\Users\pensa\AppData\Local\Temp\tmp2uy4c0mz cercando le maschere
INFO:functioncae.caehelper:read C:\Users\pensa\AppData\Local\Temp\tmp0744hvxy\Only_Ones.png and changed extension from pgm to png
INFO:functioncae.caehelper:ho scritto il file Only_Ones.png in C:\Users\pensa\AppData\Local\Temp\tmpp9_9j2r4 come .png 
INFO:functioncae.caehelper:Ho letto Image1_benign_mass_mask.png in C:\Users\pensa\AppData\Local\Temp\tmp0744hvxy
INFO:functioncae.caehelper:ho analizzato C:\Users\pensa\AppData\Local\Temp\tmpab8a8e6h cercando le immagini
INFO:functioncae.caehelper:ho preso le immagini e le maschere da C:\Users\pensa\AppData\Local\Temp\tmpab8a8e6h, ho trovato tutto e ho creato gli array delle immagini, maschere e classi
INFO:functioncae.caehelper:ho analizzato C:\Users\pensa\AppData\Local\Temp\tmpgcsu05dj cercando le immagini
INFO:functioncae.caehelper:ho analizzato C:\Users\pensa\AppData\Local\Temp\tmpwslxwoql cercando le maschere
INFO:functioncae.caehelper:sovrapposizione riuscita
INFO:functioncae.caehelper:calcolato correttamente il dice ottenendo 0.2797046319087044
INFO:functioncae.caehelper:calcolato correttamente il dice ottenendo 1.0
INFO:functioncae.caehelper:calcolato correttamente il dice ottenendo 0.0
INFO:functioncae.caehelper:ho aperto C:\Users\pensa\AppData\Local\Temp\tmpo_9s3x50\Pick.pickle
INFO:functioncae.caehelper:ho caricato <_io.BufferedReader name='C:\\Users\\pensa\\AppData\\Local\\Temp\\tmpo_9s3x50\\Pick.pickle'>
INFO:functioncae.caehelper:ho fatto un update a {'thispickle': 'thatpickle'}
INFO:functioncae.caehelper:ho analizzato C:\Users\pensa\AppData\Local\Temp\tmpab8a8e6h cercando le immagini
INFO:functioncae.caehelper:ho preso le immagini e le maschere da C:\Users\pensa\AppData\Local\Temp\tmpab8a8e6h, ho trovato tutto e ho creato gli array delle immagini, maschere e classi
INFO:functioncae.caehelper:ho analizzato C:\Users\pensa\AppData\Local\Temp\tmpab8a8e6h cercando le immagini
INFO:functioncae.caehelper:ho analizzato C:\Mockakedirpath cercando le immagini
INFO:functioncae.caehelper:ho analizzato C:\Users\pensa\AppData\Local\Temp\tmpab8a8e6h cercando le immagini
INFO:functioncae.caehelper:ho analizzato C:\Users\pensa\AppData\Local\Temp\tmpgcsu05dj cercando le immagini
INFO:functioncae.caehelper:ho analizzato C:\Users\pensa\AppData\Local\Temp\tmpwslxwoql cercando le maschere
INFO:functioncae.caehelper:read C:\Users\pensa\AppData\Local\Temp\tmpab8a8e6h\Only_Ones.png and changed extension from pgm to png
INFO:functioncae.caehelper:ho scritto il file Only_Ones.png in C:\Users\pensa\AppData\Local\Temp\tmppi0ioxvq come .png 
INFO:functioncae.caehelper:Ho letto Image1_benign_mass_mask.png in C:\Users\pensa\AppData\Local\Temp\tmpab8a8e6h
INFO:functioncae.caehelper:ho analizzato C:\Users\pensa\AppData\Local\Temp\tmp2abx7yf1 cercando le immagini
INFO:functioncae.caehelper:ho preso le immagini e le maschere da C:\Users\pensa\AppData\Local\Temp\tmp2abx7yf1, ho trovato tutto e ho creato gli array delle immagini, maschere e classi
INFO:functioncae.caehelper:ho analizzato C:\Users\pensa\AppData\Local\Temp\tmp40o23zt0 cercando le immagini
INFO:functioncae.caehelper:ho analizzato C:\Users\pensa\AppData\Local\Temp\tmpsegi0vl3 cercando le maschere
INFO:functioncae.caehelper:sovrapposizione riuscita
INFO:functioncae.caehelper:calcolato correttamente il dice ottenendo 0.2797046319087044
INFO:functioncae.caehelper:calcolato correttamente il dice ottenendo 1.0
INFO:functioncae.caehelper:calcolato correttamente il dice ottenendo 0.0
INFO:functioncae.caehelper:ho aperto C:\Users\pensa\AppData\Local\Temp\tmp6251bir1\Pick.pickle
INFO:functioncae.caehelper:ho caricato <_io.BufferedReader name='C:\\Users\\pensa\\AppData\\Local\\Temp\\tmp6251bir1\\Pick.pickle'>
INFO:functioncae.caehelper:ho fatto un update a {'thispickle': 'thatpickle'}
INFO:functioncae.caehelper:ho analizzato C:\Users\pensa\AppData\Local\Temp\tmp2abx7yf1 cercando le immagini
INFO:functioncae.caehelper:ho preso le immagini e le maschere da C:\Users\pensa\AppData\Local\Temp\tmp2abx7yf1, ho trovato tutto e ho creato gli array delle immagini, maschere e classi
INFO:functioncae.caehelper:ho analizzato C:\Users\pensa\AppData\Local\Temp\tmp2abx7yf1 cercando le immagini
INFO:functioncae.caehelper:ho analizzato C:\Mockakedirpath cercando le immagini
INFO:functioncae.caehelper:ho analizzato C:\Users\pensa\AppData\Local\Temp\tmp2abx7yf1 cercando le immagini
INFO:functioncae.caehelper:ho analizzato C:\Users\pensa\AppData\Local\Temp\tmp40o23zt0 cercando le immagini
INFO:functioncae.caehelper:ho analizzato C:\Users\pensa\AppData\Local\Temp\tmpsegi0vl3 cercando le maschere
INFO:functioncae.caehelper:read C:\Users\pensa\AppData\Local\Temp\tmp2abx7yf1\Only_Ones.png and changed extension from pgm to png
INFO:functioncae.caehelper:ho scritto il file Only_Ones.png in C:\Users\pensa\AppData\Local\Temp\tmpvg0tos2g come .png 
INFO:functioncae.caehelper:Ho letto Image1_benign_mass_mask.png in C:\Users\pensa\AppData\Local\Temp\tmp2abx7yf1
INFO:functioncae.caehelper:ho analizzato C:\Users\pensa\AppData\Local\Temp\tmpniuuqk4c cercando le immagini
INFO:functioncae.caehelper:ho preso le immagini e le maschere da C:\Users\pensa\AppData\Local\Temp\tmpniuuqk4c, ho trovato tutto e ho creato gli array delle immagini, maschere e classi
INFO:functioncae.caehelper:ho analizzato C:\Users\pensa\AppData\Local\Temp\tmpuy0zsn97 cercando le immagini
INFO:functioncae.caehelper:ho analizzato C:\Users\pensa\AppData\Local\Temp\tmp2h_j3oi1 cercando le maschere
INFO:functioncae.caehelper:sovrapposizione riuscita
INFO:functioncae.caehelper:calcolato correttamente il dice ottenendo 0.2797046319087044
INFO:functioncae.caehelper:calcolato correttamente il dice ottenendo 1.0
INFO:functioncae.caehelper:calcolato correttamente il dice ottenendo 0.0
INFO:functioncae.caehelper:ho aperto C:\Users\pensa\AppData\Local\Temp\tmpzn6vqfn1\Pick.pickle
INFO:functioncae.caehelper:ho caricato <_io.BufferedReader name='C:\\Users\\pensa\\AppData\\Local\\Temp\\tmpzn6vqfn1\\Pick.pickle'>
INFO:functioncae.caehelper:ho fatto un update a {'thispickle': 'thatpickle'}
INFO:functioncae.caehelper:ho analizzato C:\Users\pensa\AppData\Local\Temp\tmpniuuqk4c cercando le immagini
INFO:functioncae.caehelper:ho preso le immagini e le maschere da C:\Users\pensa\AppData\Local\Temp\tmpniuuqk4c, ho trovato tutto e ho creato gli array delle immagini, maschere e classi
INFO:functioncae.caehelper:ho analizzato C:\Users\pensa\AppData\Local\Temp\tmpniuuqk4c cercando le immagini
INFO:functioncae.caehelper:ho analizzato C:\Mockakedirpath cercando le immagini
INFO:functioncae.caehelper:ho analizzato C:\Users\pensa\AppData\Local\Temp\tmpniuuqk4c cercando le immagini
INFO:functioncae.caehelper:ho analizzato C:\Users\pensa\AppData\Local\Temp\tmpuy0zsn97 cercando le immagini
INFO:functioncae.caehelper:ho analizzato C:\Users\pensa\AppData\Local\Temp\tmp2h_j3oi1 cercando le maschere
INFO:functioncae.caehelper:read C:\Users\pensa\AppData\Local\Temp\tmpniuuqk4c\Only_Ones.png and changed extension from pgm to png
INFO:functioncae.caehelper:ho scritto il file Only_Ones.png in C:\Users\pensa\AppData\Local\Temp\tmpj7k5cmu9 come .png 
INFO:functioncae.caehelper:Ho letto Image1_benign_mass_mask.png in C:\Users\pensa\AppData\Local\Temp\tmpniuuqk4c
INFO:functioncae.caehelper:ho analizzato C:\Users\pensa\AppData\Local\Temp\tmpgmnix2ys cercando le immagini
INFO:functioncae.caehelper:ho preso le immagini e le maschere da C:\Users\pensa\AppData\Local\Temp\tmpgmnix2ys, ho trovato tutto e ho creato gli array delle immagini, maschere e classi
INFO:functioncae.caehelper:ho analizzato C:\Users\pensa\AppData\Local\Temp\tmp9fkrj21_ cercando le immagini
INFO:functioncae.caehelper:ho analizzato C:\Users\pensa\AppData\Local\Temp\tmp4mmatxh0 cercando le maschere
INFO:functioncae.caehelper:sovrapposizione riuscita
INFO:functioncae.caehelper:calcolato correttamente il dice ottenendo 0.2797046319087044
INFO:functioncae.caehelper:calcolato correttamente il dice ottenendo 1.0
INFO:functioncae.caehelper:calcolato correttamente il dice ottenendo 0.0
INFO:functioncae.caehelper:ho aperto C:\Users\pensa\AppData\Local\Temp\tmpdymgqc2z\Pick.pickle
INFO:functioncae.caehelper:ho caricato <_io.BufferedReader name='C:\\Users\\pensa\\AppData\\Local\\Temp\\tmpdymgqc2z\\Pick.pickle'>
INFO:functioncae.caehelper:ho fatto un update a {'thispickle': 'thatpickle'}
INFO:functioncae.caehelper:ho analizzato C:\Users\pensa\AppData\Local\Temp\tmpgmnix2ys cercando le immagini
INFO:functioncae.caehelper:ho preso le immagini e le maschere da C:\Users\pensa\AppData\Local\Temp\tmpgmnix2ys, ho trovato tutto e ho creato gli array delle immagini, maschere e classi
INFO:functioncae.caehelper:ho analizzato C:\Users\pensa\AppData\Local\Temp\tmpgmnix2ys cercando le immagini
INFO:functioncae.caehelper:ho analizzato C:\Mockakedirpath cercando le immagini
INFO:functioncae.caehelper:ho analizzato C:\Users\pensa\AppData\Local\Temp\tmpgmnix2ys cercando le immagini
INFO:functioncae.caehelper:ho analizzato C:\Users\pensa\AppData\Local\Temp\tmp9fkrj21_ cercando le immagini
INFO:functioncae.caehelper:ho analizzato C:\Users\pensa\AppData\Local\Temp\tmp4mmatxh0 cercando le maschere
INFO:functioncae.caehelper:read C:\Users\pensa\AppData\Local\Temp\tmpgmnix2ys\Only_Ones.png and changed extension from pgm to png
INFO:functioncae.caehelper:ho scritto il file Only_Ones.png in C:\Users\pensa\AppData\Local\Temp\tmp8xp71dqw come .png 
INFO:functioncae.caehelper:Ho letto Image1_benign_mass_mask.png in C:\Users\pensa\AppData\Local\Temp\tmpgmnix2ys
